
> knowledge-base-management@0.0.0 dev
> vite


  VITE v6.4.3  ready in 460 ms

  ➜  Local:   http://localhost:3000/
  ➜  Network: use --host to expose

> knowledge-base-management@0.0.0 dev
> vite 0.0.0.0

11:03:02 [vite] (client) Re-optimizing dependencies because vite config has changed

  VITE v6.4.3  ready in 504 ms

  ➜  Local:   http://localhost:5173/
  ➜  Network: use --host to expose

  VITE v6.4.3  ready in 428 ms

  ➜  Local:   http://localhost:3000/
  ➜  Network: http://172.19.14.38:3000/
  ➜  Network: http://172.18.0.1:3000/
11:15:50 [vite] (client) hmr update /src/components/charts/LatencyStatsCard.tsx, /src/index.css
11:16:21 [vite] (client) hmr update /src/components/charts/EmbeddingCoverageChart.tsx, /src/index.css
11:22:23 [vite] (client) page reload src/i18n/index.ts
11:22:29 [vite] (client) page reload src/i18n/index.ts

  VITE v6.4.3  ready in 540 ms

  ➜  Local:   http://localhost:3000/
  ➜  Network: http://172.19.14.38:3000/
  ➜  Network: http://172.18.0.1:3000/

  VITE v6.4.3  ready in 437 ms

  ➜  Local:   http://localhost:3000/
  ➜  Network: http://172.19.14.38:3000/
  ➜  Network: http://172.18.0.1:3000/
5:29:46 PM [vite] (client) hmr update /src/pages/KnowledgePage.tsx, /src/index.css
5:30:10 PM [vite] (client) hmr update /src/pages/KnowledgePage.tsx, /src/index.css
5:30:20 PM [vite] (client) hmr update /src/pages/KnowledgePage.tsx, /src/index.css
5:30:45 PM [vite] (client) hmr update /src/pages/KnowledgePage.tsx, /src/index.css
5:30:57 PM [vite] (client) hmr update /src/pages/KnowledgePage.tsx, /src/index.css
5:31:10 PM [vite] (client) hmr update /src/pages/KnowledgePage.tsx, /src/index.css
5:31:23 PM [vite] (client) hmr update /src/pages/KnowledgePage.tsx, /src/index.css
5:31:45 PM [vite] (client) page reload src/i18n/index.ts
5:32:24 PM [vite] (client) page reload src/i18n/index.ts
6:13:48 PM [vite] (client) hmr update /src/index.css, /src/components/layout/MainLayout.tsx, /src/pages/LoginPage.tsx, /src/pages/DashboardPage.tsx, /src/pages/KnowledgePage.tsx, /src/pages/CategoriesPage.tsx, /src/pages/ApiKeysPage.tsx, /src/pages/UsersPage.tsx, /src/pages/AuditLogsPage.tsx, /src/pages/SystemPage.tsx, /src/pages/AnalyticsPage.tsx
6:13:49 PM [vite] (client) hmr update /src/components/layout/MainLayout.tsx, /src/index.css

  VITE v6.4.3  ready in 509 ms

  ➜  Local:   http://localhost:3000/
  ➜  Network: http://172.19.14.38:3000/
  ➜  Network: http://172.18.0.1:3000/
18:29:30 [vite] (client) hmr update /src/pages/KnowledgePage.tsx, /src/index.css
18:29:46 [vite] (client) hmr update /src/pages/KnowledgePage.tsx, /src/index.css
18:29:46 [vite] (client) hmr update /src/pages/KnowledgePage.tsx, /src/index.css
13:03:45 [vite] (client) page reload src/i18n/index.ts
13:03:47 [vite] (client) page reload src/i18n/index.ts
13:04:27 [vite] (client) page reload src/i18n/index.ts
13:04:29 [vite] (client) page reload src/i18n/index.ts
13:11:47 [vite] (client) page reload src/pages/KnowledgeDetailPage.tsx
13:12:22 [vite] (client) page reload src/pages/KnowledgeDetailPage.tsx
13:12:26 [vite] (client) page reload src/pages/KnowledgeDetailPage.tsx
13:15:02 [vite] (client) page reload src/pages/KnowledgeDetailPage.tsx
13:15:28 [vite] (client) page reload src/pages/KnowledgeDetailPage.tsx
13:17:46 [vite] (client) hmr update /src/router.tsx, /src/index.css
13:19:17 [vite] (client) hmr update /src/router.tsx, /src/index.css
13:19:22 [vite] (client) hmr update /src/router.tsx, /src/index.css
13:20:50 [vite] (client) hmr update /src/pages/KnowledgePage.tsx, /src/index.css
13:20:55 [vite] (client) hmr update /src/pages/KnowledgePage.tsx, /src/index.css
13:21:01 [vite] (client) hmr update /src/pages/KnowledgePage.tsx, /src/index.css
